TN:
SF:src/App.jsx
FN:17,(anonymous_0)
FN:20,(anonymous_1)
FN:38,(anonymous_2)
FN:47,App
FN:51,(anonymous_4)
FN:58,(anonymous_5)
FN:59,(anonymous_6)
FN:69,(anonymous_7)
FN:76,(anonymous_8)
FN:83,(anonymous_9)
FN:87,(anonymous_10)
FNF:11
FNH:0
FNDA:0,(anonymous_0)
FNDA:0,(anonymous_1)
FNDA:0,(anonymous_2)
FNDA:0,App
FNDA:0,(anonymous_4)
FNDA:0,(anonymous_5)
FNDA:0,(anonymous_6)
FNDA:0,(anonymous_7)
FNDA:0,(anonymous_8)
FNDA:0,(anonymous_9)
FNDA:0,(anonymous_10)
DA:17,0
DA:18,0
DA:20,0
DA:21,0
DA:22,0
DA:38,0
DA:39,0
DA:40,0
DA:45,0
DA:48,0
DA:51,0
DA:52,0
DA:53,0
DA:54,0
DA:58,0
DA:59,0
DA:60,0
DA:61,0
DA:62,0
DA:63,0
DA:64,0
DA:69,0
DA:70,0
DA:71,0
DA:72,0
DA:75,0
DA:76,0
DA:77,0
DA:78,0
DA:82,0
DA:83,0
DA:87,0
DA:88,0
DA:89,0
DA:90,0
DA:91,0
DA:94,0
DA:95,0
DA:98,0
LF:39
LH:0
BRDA:21,0,0,0
BRDA:21,0,1,0
BRDA:39,1,0,0
BRDA:39,1,1,0
BRDA:53,2,0,0
BRDA:53,2,1,0
BRDA:61,3,0,0
BRDA:61,3,1,0
BRDA:62,4,0,0
BRDA:62,4,1,0
BRDA:70,5,0,0
BRDA:70,5,1,0
BRDA:77,6,0,0
BRDA:77,6,1,0
BRDA:89,7,0,0
BRDA:89,7,1,0
BRDA:90,8,0,0
BRDA:90,8,1,0
BRDA:91,9,0,0
BRDA:91,9,1,0
BRDA:94,10,0,0
BRDA:94,10,1,0
BRDA:100,11,0,0
BRDA:100,11,1,0
BRDA:108,12,0,0
BRDA:108,12,1,0
BRDA:109,13,0,0
BRDA:109,13,1,0
BRDA:112,14,0,0
BRDA:112,14,1,0
BRDA:121,15,0,0
BRDA:121,15,1,0
BRF:32
BRH:0
end_of_record
TN:
SF:src/main.jsx
FNF:0
FNH:0
DA:6,0
LF:1
LH:0
BRF:0
BRH:0
end_of_record
TN:
SF:src/component/AuthScreen.jsx
FN:7,(anonymous_0)
FN:14,(anonymous_1)
FN:63,(anonymous_2)
FN:81,(anonymous_3)
FN:109,(anonymous_4)
FNF:5
FNH:0
FNDA:0,(anonymous_0)
FNDA:0,(anonymous_1)
FNDA:0,(anonymous_2)
FNDA:0,(anonymous_3)
FNDA:0,(anonymous_4)
DA:7,0
DA:8,0
DA:9,0
DA:10,0
DA:11,0
DA:14,0
DA:15,0
DA:16,0
DA:17,0
DA:20,0
DA:21,0
DA:22,0
DA:25,0
DA:26,0
DA:27,0
DA:29,0
DA:31,0
DA:32,0
DA:33,0
DA:36,0
DA:37,0
DA:41,0
DA:63,0
DA:81,0
DA:109,0
LF:25
LH:0
BRDA:15,0,0,0
BRDA:15,0,1,0
BRDA:20,1,0,0
BRDA:20,1,1,0
BRDA:20,2,0,0
BRDA:20,2,1,0
BRDA:26,3,0,0
BRDA:26,3,1,0
BRDA:29,4,0,0
BRDA:29,4,1,0
BRDA:31,5,0,0
BRDA:31,5,1,0
BRDA:33,6,0,0
BRDA:33,6,1,0
BRDA:37,7,0,0
BRDA:37,7,1,0
BRDA:65,8,0,0
BRDA:65,8,1,0
BRDA:77,9,0,0
BRDA:77,9,1,0
BRDA:83,10,0,0
BRDA:83,10,1,0
BRDA:95,11,0,0
BRDA:95,11,1,0
BRDA:99,12,0,0
BRDA:99,12,1,0
BRDA:118,13,0,0
BRDA:118,13,1,0
BRDA:118,14,0,0
BRDA:118,14,1,0
BRDA:120,15,0,0
BRDA:120,15,1,0
BRDA:124,16,0,0
BRDA:124,16,1,0
BRDA:126,17,0,0
BRDA:126,17,1,0
BRF:36
BRH:0
end_of_record
TN:
SF:src/component/ChatRoom.jsx
FN:22,(anonymous_0)
FN:48,(anonymous_1)
FN:52,(anonymous_2)
FN:62,(anonymous_3)
FN:67,(anonymous_4)
FN:81,(anonymous_5)
FN:82,(anonymous_6)
FN:85,(anonymous_7)
FN:91,(anonymous_8)
FN:106,(anonymous_9)
FN:113,(anonymous_10)
FN:120,(anonymous_11)
FN:126,(anonymous_12)
FN:127,(anonymous_13)
FN:137,(anonymous_14)
FN:139,(anonymous_15)
FN:156,(anonymous_16)
FN:157,(anonymous_17)
FN:163,(anonymous_18)
FN:167,(anonymous_19)
FN:175,(anonymous_20)
FN:180,(anonymous_21)
FN:207,(anonymous_22)
FN:214,(anonymous_23)
FN:232,(anonymous_24)
FN:251,(anonymous_25)
FN:261,(anonymous_26)
FN:289,(anonymous_27)
FN:301,(anonymous_28)
FN:319,(anonymous_29)
FN:326,(anonymous_30)
FN:373,(anonymous_31)
FN:414,(anonymous_32)
FN:457,(anonymous_33)
FN:465,(anonymous_34)
FN:470,(anonymous_35)
FN:480,(anonymous_36)
FN:489,(anonymous_37)
FN:513,(anonymous_38)
FN:521,(anonymous_39)
FN:529,(anonymous_40)
FN:537,(anonymous_41)
FN:545,(anonymous_42)
FN:554,(anonymous_43)
FNF:44
FNH:0
FNDA:0,(anonymous_0)
FNDA:0,(anonymous_1)
FNDA:0,(anonymous_2)
FNDA:0,(anonymous_3)
FNDA:0,(anonymous_4)
FNDA:0,(anonymous_5)
FNDA:0,(anonymous_6)
FNDA:0,(anonymous_7)
FNDA:0,(anonymous_8)
FNDA:0,(anonymous_9)
FNDA:0,(anonymous_10)
FNDA:0,(anonymous_11)
FNDA:0,(anonymous_12)
FNDA:0,(anonymous_13)
FNDA:0,(anonymous_14)
FNDA:0,(anonymous_15)
FNDA:0,(anonymous_16)
FNDA:0,(anonymous_17)
FNDA:0,(anonymous_18)
FNDA:0,(anonymous_19)
FNDA:0,(anonymous_20)
FNDA:0,(anonymous_21)
FNDA:0,(anonymous_22)
FNDA:0,(anonymous_23)
FNDA:0,(anonymous_24)
FNDA:0,(anonymous_25)
FNDA:0,(anonymous_26)
FNDA:0,(anonymous_27)
FNDA:0,(anonymous_28)
FNDA:0,(anonymous_29)
FNDA:0,(anonymous_30)
FNDA:0,(anonymous_31)
FNDA:0,(anonymous_32)
FNDA:0,(anonymous_33)
FNDA:0,(anonymous_34)
FNDA:0,(anonymous_35)
FNDA:0,(anonymous_36)
FNDA:0,(anonymous_37)
FNDA:0,(anonymous_38)
FNDA:0,(anonymous_39)
FNDA:0,(anonymous_40)
FNDA:0,(anonymous_41)
FNDA:0,(anonymous_42)
FNDA:0,(anonymous_43)
DA:22,0
DA:23,0
DA:24,0
DA:25,0
DA:26,0
DA:27,0
DA:28,0
DA:29,0
DA:30,0
DA:31,0
DA:32,0
DA:45,0
DA:48,0
DA:51,0
DA:52,0
DA:53,0
DA:54,0
DA:59,0
DA:62,0
DA:63,0
DA:67,0
DA:68,0
DA:69,0
DA:71,0
DA:73,0
DA:74,0
DA:76,0
DA:81,0
DA:82,0
DA:83,0
DA:85,0
DA:88,0
DA:89,0
DA:91,0
DA:92,0
DA:94,0
DA:95,0
DA:96,0
DA:97,0
DA:98,0
DA:101,0
DA:102,0
DA:103,0
DA:106,0
DA:107,0
DA:113,0
DA:114,0
DA:115,0
DA:116,0
DA:120,0
DA:121,0
DA:122,0
DA:123,0
DA:126,0
DA:127,0
DA:128,0
DA:130,0
DA:131,0
DA:132,0
DA:133,0
DA:137,0
DA:139,0
DA:140,0
DA:141,0
DA:142,0
DA:144,0
DA:146,0
DA:154,0
DA:156,0
DA:157,0
DA:158,0
DA:161,0
DA:163,0
DA:164,0
DA:167,0
DA:168,0
DA:169,0
DA:170,0
DA:171,0
DA:175,0
DA:180,0
DA:181,0
DA:182,0
DA:185,0
DA:207,0
DA:214,0
DA:232,0
DA:252,0
DA:253,0
DA:256,0
DA:258,0
DA:261,0
DA:290,0
DA:302,0
DA:303,0
DA:320,0
DA:321,0
DA:323,0
DA:326,0
DA:373,0
DA:415,0
DA:457,0
DA:466,0
DA:471,0
DA:472,0
DA:473,0
DA:480,0
DA:489,0
DA:513,0
DA:521,0
DA:529,0
DA:537,0
DA:545,0
DA:555,0
DA:556,0
LF:115
LH:0
BRDA:53,0,0,0
BRDA:53,0,1,0
BRDA:53,1,0,0
BRDA:53,1,1,0
BRDA:54,2,0,0
BRDA:54,2,1,0
BRDA:62,3,0,0
BRDA:68,4,0,0
BRDA:68,4,1,0
BRDA:71,5,0,0
BRDA:71,5,1,0
BRDA:73,6,0,0
BRDA:73,6,1,0
BRDA:92,7,0,0
BRDA:92,7,1,0
BRDA:96,8,0,0
BRDA:96,8,1,0
BRDA:102,9,0,0
BRDA:102,9,1,0
BRDA:114,10,0,0
BRDA:114,10,1,0
BRDA:114,11,0,0
BRDA:114,11,1,0
BRDA:128,12,0,0
BRDA:128,12,1,0
BRDA:128,13,0,0
BRDA:128,13,1,0
BRDA:140,14,0,0
BRDA:140,14,1,0
BRDA:141,15,0,0
BRDA:141,15,1,0
BRDA:158,16,0,0
BRDA:158,16,1,0
BRDA:161,17,0,0
BRDA:161,17,1,0
BRDA:164,18,0,0
BRDA:164,18,1,0
BRDA:168,19,0,0
BRDA:168,19,1,0
BRDA:182,20,0,0
BRDA:182,20,1,0
BRDA:204,21,0,0
BRDA:204,21,1,0
BRDA:220,22,0,0
BRDA:220,22,1,0
BRDA:246,23,0,0
BRDA:246,23,1,0
BRDA:252,24,0,0
BRDA:252,24,1,0
BRDA:253,25,0,0
BRDA:253,25,1,0
BRDA:256,26,0,0
BRDA:256,26,1,0
BRDA:263,27,0,0
BRDA:263,27,1,0
BRDA:299,28,0,0
BRDA:299,28,1,0
BRDA:299,28,2,0
BRDA:320,29,0,0
BRDA:320,29,1,0
BRDA:321,30,0,0
BRDA:321,30,1,0
BRDA:328,31,0,0
BRDA:328,31,1,0
BRDA:333,32,0,0
BRDA:333,32,1,0
BRDA:348,33,0,0
BRDA:348,33,1,0
BRDA:351,34,0,0
BRDA:351,34,1,0
BRDA:356,35,0,0
BRDA:356,35,1,0
BRDA:378,36,0,0
BRDA:378,36,1,0
BRDA:382,37,0,0
BRDA:382,37,1,0
BRDA:382,37,2,0
BRDA:384,38,0,0
BRDA:384,38,1,0
BRDA:384,39,0,0
BRDA:384,39,1,0
BRDA:384,39,2,0
BRDA:388,40,0,0
BRDA:388,40,1,0
BRDA:388,41,0,0
BRDA:388,41,1,0
BRDA:397,42,0,0
BRDA:397,42,1,0
BRDA:397,42,2,0
BRDA:410,43,0,0
BRDA:410,43,1,0
BRDA:410,43,2,0
BRDA:419,44,0,0
BRDA:419,44,1,0
BRDA:425,45,0,0
BRDA:425,45,1,0
BRDA:427,46,0,0
BRDA:427,46,1,0
BRDA:429,47,0,0
BRDA:429,47,1,0
BRDA:436,48,0,0
BRDA:436,48,1,0
BRDA:437,49,0,0
BRDA:437,49,1,0
BRDA:447,50,0,0
BRDA:447,50,1,0
BRDA:506,51,0,0
BRDA:506,51,1,0
BRDA:506,51,2,0
BRF:109
BRH:0
end_of_record
TN:
SF:src/component/StudentDashboard.jsx
FN:7,(anonymous_0)
FN:17,(anonymous_1)
FN:54,(anonymous_2)
FN:104,(anonymous_3)
FNF:4
FNH:0
FNDA:0,(anonymous_0)
FNDA:0,(anonymous_1)
FNDA:0,(anonymous_2)
FNDA:0,(anonymous_3)
DA:7,0
DA:9,0
DA:10,0
DA:13,0
DA:14,0
DA:17,0
DA:18,0
DA:19,0
DA:20,0
DA:24,0
DA:25,0
DA:26,0
DA:28,0
DA:33,0
DA:34,0
DA:54,0
DA:55,0
DA:56,0
DA:61,0
DA:104,0
LF:20
LH:0
BRDA:18,0,0,0
BRDA:18,0,1,0
BRDA:25,1,0,0
BRDA:25,1,1,0
BRDA:33,2,0,0
BRDA:33,2,1,0
BRDA:55,3,0,0
BRDA:55,3,1,0
BRDA:111,4,0,0
BRDA:111,4,1,0
BRDA:125,5,0,0
BRDA:125,5,1,0
BRDA:130,6,0,0
BRDA:130,6,1,0
BRF:14
BRH:0
end_of_record
TN:
SF:src/component/TeacherDashboard.jsx
FN:19,(anonymous_0)
FN:43,(anonymous_1)
FN:75,(anonymous_2)
FN:95,(anonymous_3)
FN:115,(anonymous_4)
FN:124,(anonymous_5)
FN:135,(anonymous_6)
FN:157,(anonymous_7)
FN:158,(anonymous_8)
FN:163,(anonymous_9)
FN:170,(anonymous_10)
FN:181,(anonymous_11)
FN:183,(anonymous_12)
FN:203,(anonymous_13)
FN:207,(anonymous_14)
FN:232,(anonymous_15)
FN:281,(anonymous_16)
FN:326,(anonymous_17)
FN:381,(anonymous_18)
FN:437,(anonymous_19)
FN:454,(anonymous_20)
FN:467,(anonymous_21)
FN:513,(anonymous_22)
FNF:23
FNH:0
FNDA:0,(anonymous_0)
FNDA:0,(anonymous_1)
FNDA:0,(anonymous_2)
FNDA:0,(anonymous_3)
FNDA:0,(anonymous_4)
FNDA:0,(anonymous_5)
FNDA:0,(anonymous_6)
FNDA:0,(anonymous_7)
FNDA:0,(anonymous_8)
FNDA:0,(anonymous_9)
FNDA:0,(anonymous_10)
FNDA:0,(anonymous_11)
FNDA:0,(anonymous_12)
FNDA:0,(anonymous_13)
FNDA:0,(anonymous_14)
FNDA:0,(anonymous_15)
FNDA:0,(anonymous_16)
FNDA:0,(anonymous_17)
FNDA:0,(anonymous_18)
FNDA:0,(anonymous_19)
FNDA:0,(anonymous_20)
FNDA:0,(anonymous_21)
FNDA:0,(anonymous_22)
DA:19,0
DA:21,0
DA:22,0
DA:23,0
DA:24,0
DA:25,0
DA:38,0
DA:40,0
DA:43,0
DA:44,0
DA:45,0
DA:46,0
DA:49,0
DA:50,0
DA:51,0
DA:54,0
DA:55,0
DA:57,0
DA:58,0
DA:59,0
DA:60,0
DA:64,0
DA:65,0
DA:68,0
DA:69,0
DA:74,0
DA:75,0
DA:76,0
DA:77,0
DA:78,0
DA:79,0
DA:83,0
DA:84,0
DA:88,0
DA:90,0
DA:95,0
DA:96,0
DA:97,0
DA:98,0
DA:99,0
DA:106,0
DA:107,0
DA:115,0
DA:116,0
DA:117,0
DA:118,0
DA:119,0
DA:124,0
DA:126,0
DA:127,0
DA:135,0
DA:136,0
DA:137,0
DA:138,0
DA:143,0
DA:144,0
DA:152,0
DA:153,0
DA:154,0
DA:157,0
DA:158,0
DA:163,0
DA:164,0
DA:167,0
DA:170,0
DA:171,0
DA:172,0
DA:176,0
DA:178,0
DA:179,0
DA:181,0
DA:182,0
DA:183,0
DA:184,0
DA:191,0
DA:192,0
DA:203,0
DA:204,0
DA:207,0
DA:208,0
DA:209,0
DA:210,0
DA:211,0
DA:212,0
DA:213,0
DA:217,0
DA:233,0
DA:282,0
DA:283,0
DA:284,0
DA:327,0
DA:328,0
DA:382,0
DA:383,0
DA:385,0
DA:437,0
DA:454,0
DA:467,0
DA:513,0
LF:99
LH:0
BRDA:37,0,0,0
BRDA:44,1,0,0
BRDA:44,1,1,0
BRDA:49,2,0,0
BRDA:49,2,1,0
BRDA:59,3,0,0
BRDA:59,3,1,0
BRDA:68,4,0,0
BRDA:68,4,1,0
BRDA:74,5,0,0
BRDA:74,5,1,0
BRDA:76,6,0,0
BRDA:76,6,1,0
BRDA:78,7,0,0
BRDA:78,7,1,0
BRDA:88,8,0,0
BRDA:88,8,1,0
BRDA:98,9,0,0
BRDA:98,9,1,0
BRDA:107,10,0,0
BRDA:107,10,1,0
BRDA:158,11,0,0
BRDA:158,11,1,0
BRDA:164,12,0,0
BRDA:164,12,1,0
BRDA:164,13,0,0
BRDA:164,13,1,0
BRDA:171,14,0,0
BRDA:171,14,1,0
BRDA:176,15,0,0
BRDA:176,15,1,0
BRDA:179,16,0,0
BRDA:179,16,1,0
BRDA:179,17,0,0
BRDA:179,17,1,0
BRDA:182,18,0,0
BRDA:182,18,1,0
BRDA:191,19,0,0
BRDA:191,19,1,0
BRDA:203,20,0,0
BRDA:203,20,1,0
BRDA:208,21,0,0
BRDA:208,21,1,0
BRDA:208,22,0,0
BRDA:208,22,1,0
BRDA:210,23,0,0
BRDA:210,23,1,0
BRDA:225,24,0,0
BRDA:225,24,1,0
BRDA:225,24,2,0
BRDA:229,25,0,0
BRDA:229,25,1,0
BRDA:252,26,0,0
BRDA:252,26,1,0
BRDA:274,27,0,0
BRDA:274,27,1,0
BRDA:275,28,0,0
BRDA:275,28,1,0
BRDA:284,29,0,0
BRDA:284,29,1,0
BRDA:287,30,0,0
BRDA:287,30,1,0
BRDA:294,31,0,0
BRDA:294,31,1,0
BRDA:309,32,0,0
BRDA:309,32,1,0
BRDA:333,33,0,0
BRDA:333,33,1,0
BRDA:334,34,0,0
BRDA:334,34,1,0
BRDA:336,35,0,0
BRDA:336,35,1,0
BRDA:344,36,0,0
BRDA:344,36,1,0
BRDA:346,37,0,0
BRDA:346,37,1,0
BRDA:346,38,0,0
BRDA:346,38,1,0
BRDA:352,39,0,0
BRDA:352,39,1,0
BRDA:362,40,0,0
BRDA:362,40,1,0
BRDA:378,41,0,0
BRDA:378,41,1,0
BRDA:382,42,0,0
BRDA:382,42,1,0
BRDA:389,43,0,0
BRDA:389,43,1,0
BRDA:406,44,0,0
BRDA:406,44,1,0
BRDA:410,45,0,0
BRDA:410,45,1,0
BRDA:413,46,0,0
BRDA:413,46,1,0
BRDA:415,47,0,0
BRDA:415,47,1,0
BRDA:420,48,0,0
BRDA:420,48,1,0
BRDA:442,49,0,0
BRDA:442,49,1,0
BRDA:457,50,0,0
BRDA:457,50,1,0
BRDA:462,51,0,0
BRDA:462,51,1,0
BRDA:465,52,0,0
BRDA:465,52,1,0
BRDA:482,53,0,0
BRDA:482,53,1,0
BRF:108
BRH:0
end_of_record
TN:
SF:src/components/ErrorBoundary.jsx
FN:5,(anonymous_0)
FN:10,(anonymous_1)
FN:14,(anonymous_2)
FN:22,(anonymous_3)
FN:27,(anonymous_4)
FNF:5
FNH:0
FNDA:0,(anonymous_0)
FNDA:0,(anonymous_1)
FNDA:0,(anonymous_2)
FNDA:0,(anonymous_3)
FNDA:0,(anonymous_4)
DA:6,0
DA:7,0
DA:11,0
DA:15,0
DA:16,0
DA:22,0
DA:23,0
DA:24,0
DA:28,0
DA:29,0
DA:60,0
LF:11
LH:0
BRDA:28,0,0,0
BRDA:28,0,1,0
BRDA:39,1,0,0
BRDA:39,1,1,0
BRDA:43,2,0,0
BRDA:43,2,1,0
BRF:6
BRH:0
end_of_record
TN:
SF:src/components/LoadingSpinner.jsx
FN:3,(anonymous_0)
FN:25,(anonymous_1)
FNF:2
FNH:0
FNDA:0,(anonymous_0)
FNDA:0,(anonymous_1)
DA:3,0
DA:4,0
DA:12,0
DA:25,0
DA:26,0
DA:28,0
LF:6
LH:0
BRDA:3,0,0,0
BRDA:3,1,0,0
BRDA:25,2,0,0
BRDA:25,3,0,0
BRDA:25,4,0,0
BRDA:26,5,0,0
BRDA:26,5,1,0
BRF:7
BRH:0
end_of_record
TN:
SF:src/context/AppContext.jsx
FN:9,(anonymous_0)
FN:18,(anonymous_1)
FN:22,(anonymous_2)
FN:35,(anonymous_3)
FN:44,(anonymous_4)
FN:46,(anonymous_5)
FN:47,(anonymous_6)
FN:48,(anonymous_7)
FN:53,(anonymous_8)
FN:57,(anonymous_9)
FN:61,(anonymous_10)
FN:67,(anonymous_11)
FN:95,(anonymous_12)
FN:99,(anonymous_13)
FN:100,(anonymous_14)
FN:147,(anonymous_15)
FN:158,(anonymous_16)
FN:169,(anonymous_17)
FN:177,(anonymous_18)
FN:184,(anonymous_19)
FN:184,(anonymous_20)
FN:197,(anonymous_21)
FN:225,(anonymous_22)
FN:237,(anonymous_23)
FN:249,(anonymous_24)
FN:252,(anonymous_25)
FN:256,(anonymous_26)
FN:264,(anonymous_27)
FN:264,(anonymous_28)
FN:284,(anonymous_29)
FN:284,(anonymous_30)
FN:291,(anonymous_31)
FN:302,(anonymous_32)
FN:307,(anonymous_33)
FN:315,(anonymous_34)
FN:315,(anonymous_35)
FN:322,(anonymous_36)
FN:324,(anonymous_37)
FN:346,(anonymous_38)
FN:346,(anonymous_39)
FN:358,(anonymous_40)
FN:362,(anonymous_41)
FN:367,(anonymous_42)
FN:368,(anonymous_43)
FN:384,(anonymous_44)
FN:384,(anonymous_45)
FN:386,(anonymous_46)
FN:386,(anonymous_47)
FN:404,(anonymous_48)
FN:406,(anonymous_49)
FN:421,(anonymous_50)
FN:421,(anonymous_51)
FN:441,(anonymous_52)
FN:537,(anonymous_53)
FN:537,(anonymous_54)
FN:549,(anonymous_55)
FN:555,(anonymous_56)
FN:582,(anonymous_57)
FN:606,(anonymous_58)
FN:635,(anonymous_59)
FN:635,(anonymous_60)
FN:647,(anonymous_61)
FN:658,(anonymous_62)
FN:682,(anonymous_63)
FN:704,(anonymous_64)
FN:704,(anonymous_65)
FN:716,(anonymous_66)
FN:730,(anonymous_67)
FN:731,(anonymous_68)
FN:744,(anonymous_69)
FN:783,(anonymous_70)
FN:783,(anonymous_71)
FN:795,(anonymous_72)
FN:801,(anonymous_73)
FN:814,(anonymous_74)
FN:820,(anonymous_75)
FN:855,(anonymous_76)
FN:855,(anonymous_77)
FN:867,(anonymous_78)
FN:868,(anonymous_79)
FN:872,(anonymous_80)
FN:878,(anonymous_81)
FN:881,(anonymous_82)
FN:885,(anonymous_83)
FN:887,(anonymous_84)
FN:891,(anonymous_85)
FN:902,(anonymous_86)
FN:904,(anonymous_87)
FN:914,(anonymous_88)
FN:919,(anonymous_89)
FN:920,(anonymous_90)
FN:924,(anonymous_91)
FN:929,(anonymous_92)
FN:936,(anonymous_93)
FN:945,(anonymous_94)
FN:958,(anonymous_95)
FN:1021,(anonymous_96)
FNF:97
FNH:0
FNDA:0,(anonymous_0)
FNDA:0,(anonymous_1)
FNDA:0,(anonymous_2)
FNDA:0,(anonymous_3)
FNDA:0,(anonymous_4)
FNDA:0,(anonymous_5)
FNDA:0,(anonymous_6)
FNDA:0,(anonymous_7)
FNDA:0,(anonymous_8)
FNDA:0,(anonymous_9)
FNDA:0,(anonymous_10)
FNDA:0,(anonymous_11)
FNDA:0,(anonymous_12)
FNDA:0,(anonymous_13)
FNDA:0,(anonymous_14)
FNDA:0,(anonymous_15)
FNDA:0,(anonymous_16)
FNDA:0,(anonymous_17)
FNDA:0,(anonymous_18)
FNDA:0,(anonymous_19)
FNDA:0,(anonymous_20)
FNDA:0,(anonymous_21)
FNDA:0,(anonymous_22)
FNDA:0,(anonymous_23)
FNDA:0,(anonymous_24)
FNDA:0,(anonymous_25)
FNDA:0,(anonymous_26)
FNDA:0,(anonymous_27)
FNDA:0,(anonymous_28)
FNDA:0,(anonymous_29)
FNDA:0,(anonymous_30)
FNDA:0,(anonymous_31)
FNDA:0,(anonymous_32)
FNDA:0,(anonymous_33)
FNDA:0,(anonymous_34)
FNDA:0,(anonymous_35)
FNDA:0,(anonymous_36)
FNDA:0,(anonymous_37)
FNDA:0,(anonymous_38)
FNDA:0,(anonymous_39)
FNDA:0,(anonymous_40)
FNDA:0,(anonymous_41)
FNDA:0,(anonymous_42)
FNDA:0,(anonymous_43)
FNDA:0,(anonymous_44)
FNDA:0,(anonymous_45)
FNDA:0,(anonymous_46)
FNDA:0,(anonymous_47)
FNDA:0,(anonymous_48)
FNDA:0,(anonymous_49)
FNDA:0,(anonymous_50)
FNDA:0,(anonymous_51)
FNDA:0,(anonymous_52)
FNDA:0,(anonymous_53)
FNDA:0,(anonymous_54)
FNDA:0,(anonymous_55)
FNDA:0,(anonymous_56)
FNDA:0,(anonymous_57)
FNDA:0,(anonymous_58)
FNDA:0,(anonymous_59)
FNDA:0,(anonymous_60)
FNDA:0,(anonymous_61)
FNDA:0,(anonymous_62)
FNDA:0,(anonymous_63)
FNDA:0,(anonymous_64)
FNDA:0,(anonymous_65)
FNDA:0,(anonymous_66)
FNDA:0,(anonymous_67)
FNDA:0,(anonymous_68)
FNDA:0,(anonymous_69)
FNDA:0,(anonymous_70)
FNDA:0,(anonymous_71)
FNDA:0,(anonymous_72)
FNDA:0,(anonymous_73)
FNDA:0,(anonymous_74)
FNDA:0,(anonymous_75)
FNDA:0,(anonymous_76)
FNDA:0,(anonymous_77)
FNDA:0,(anonymous_78)
FNDA:0,(anonymous_79)
FNDA:0,(anonymous_80)
FNDA:0,(anonymous_81)
FNDA:0,(anonymous_82)
FNDA:0,(anonymous_83)
FNDA:0,(anonymous_84)
FNDA:0,(anonymous_85)
FNDA:0,(anonymous_86)
FNDA:0,(anonymous_87)
FNDA:0,(anonymous_88)
FNDA:0,(anonymous_89)
FNDA:0,(anonymous_90)
FNDA:0,(anonymous_91)
FNDA:0,(anonymous_92)
FNDA:0,(anonymous_93)
FNDA:0,(anonymous_94)
FNDA:0,(anonymous_95)
FNDA:0,(anonymous_96)
DA:6,0
DA:9,0
DA:10,0
DA:11,0
DA:12,0
DA:14,0
DA:18,0
DA:19,0
DA:20,0
DA:21,0
DA:22,0
DA:23,0
DA:24,0
DA:26,0
DA:29,0
DA:30,0
DA:35,0
DA:36,0
DA:37,0
DA:39,0
DA:44,0
DA:46,0
DA:47,0
DA:48,0
DA:49,0
DA:50,0
DA:53,0
DA:54,0
DA:57,0
DA:58,0
DA:61,0
DA:62,0
DA:63,0
DA:67,0
DA:68,0
DA:69,0
DA:70,0
DA:73,0
DA:84,0
DA:85,0
DA:86,0
DA:88,0
DA:89,0
DA:90,0
DA:95,0
DA:96,0
DA:98,0
DA:99,0
DA:100,0
DA:101,0
DA:102,0
DA:104,0
DA:105,0
DA:111,0
DA:117,0
DA:123,0
DA:126,0
DA:130,0
DA:131,0
DA:134,0
DA:135,0
DA:137,0
DA:138,0
DA:140,0
DA:141,0
DA:142,0
DA:147,0
DA:148,0
DA:149,0
DA:150,0
DA:153,0
DA:154,0
DA:158,0
DA:159,0
DA:161,0
DA:162,0
DA:169,0
DA:170,0
DA:171,0
DA:177,0
DA:178,0
DA:184,0
DA:185,0
DA:186,0
DA:190,0
DA:191,0
DA:196,0
DA:197,0
DA:200,0
DA:201,0
DA:202,0
DA:203,0
DA:207,0
DA:225,0
DA:226,0
DA:227,0
DA:228,0
DA:230,0
DA:231,0
DA:232,0
DA:237,0
DA:238,0
DA:239,0
DA:240,0
DA:243,0
DA:244,0
DA:248,0
DA:249,0
DA:250,0
DA:252,0
DA:253,0
DA:254,0
DA:257,0
DA:264,0
DA:265,0
DA:266,0
DA:267,0
DA:271,0
DA:284,0
DA:285,0
DA:286,0
DA:287,0
DA:291,0
DA:292,0
DA:293,0
DA:297,0
DA:298,0
DA:302,0
DA:303,0
DA:305,0
DA:308,0
DA:315,0
DA:316,0
DA:317,0
DA:318,0
DA:322,0
DA:323,0
DA:324,0
DA:327,0
DA:328,0
DA:332,0
DA:346,0
DA:347,0
DA:348,0
DA:349,0
DA:351,0
DA:352,0
DA:353,0
DA:358,0
DA:359,0
DA:360,0
DA:362,0
DA:363,0
DA:366,0
DA:367,0
DA:368,0
DA:373,0
DA:381,0
DA:383,0
DA:384,0
DA:386,0
DA:390,0
DA:391,0
DA:394,0
DA:395,0
DA:397,0
DA:398,0
DA:399,0
DA:404,0
DA:405,0
DA:406,0
DA:408,0
DA:409,0
DA:412,0
DA:414,0
DA:421,0
DA:424,0
DA:425,0
DA:428,0
DA:429,0
DA:432,0
DA:434,0
DA:435,0
DA:436,0
DA:441,0
DA:442,0
DA:443,0
DA:444,0
DA:447,0
DA:448,0
DA:452,0
DA:453,0
DA:454,0
DA:458,0
DA:459,0
DA:460,0
DA:464,0
DA:467,0
DA:468,0
DA:469,0
DA:478,0
DA:480,0
DA:481,0
DA:482,0
DA:485,0
DA:489,0
DA:490,0
DA:491,0
DA:504,0
DA:506,0
DA:507,0
DA:508,0
DA:511,0
DA:512,0
DA:516,0
DA:519,0
DA:530,0
DA:537,0
DA:538,0
DA:539,0
DA:540,0
DA:542,0
DA:543,0
DA:544,0
DA:549,0
DA:550,0
DA:551,0
DA:552,0
DA:555,0
DA:556,0
DA:557,0
DA:561,0
DA:562,0
DA:565,0
DA:566,0
DA:569,0
DA:571,0
DA:582,0
DA:583,0
DA:586,0
DA:605,0
DA:606,0
DA:609,0
DA:619,0
DA:622,0
DA:632,0
DA:635,0
DA:636,0
DA:637,0
DA:638,0
DA:640,0
DA:641,0
DA:642,0
DA:647,0
DA:648,0
DA:649,0
DA:650,0
DA:654,0
DA:655,0
DA:658,0
DA:659,0
DA:660,0
DA:663,0
DA:664,0
DA:668,0
DA:669,0
DA:671,0
DA:673,0
DA:674,0
DA:678,0
DA:681,0
DA:682,0
DA:683,0
DA:684,0
DA:688,0
DA:689,0
DA:693,0
DA:695,0
DA:698,0
DA:704,0
DA:705,0
DA:706,0
DA:707,0
DA:709,0
DA:710,0
DA:711,0
DA:716,0
DA:717,0
DA:718,0
DA:719,0
DA:723,0
DA:724,0
DA:725,0
DA:729,0
DA:730,0
DA:731,0
DA:733,0
DA:734,0
DA:738,0
DA:739,0
DA:740,0
DA:744,0
DA:749,0
DA:762,0
DA:770,0
DA:781,0
DA:783,0
DA:784,0
DA:785,0
DA:786,0
DA:788,0
DA:789,0
DA:790,0
DA:795,0
DA:796,0
DA:797,0
DA:798,0
DA:801,0
DA:802,0
DA:803,0
DA:806,0
DA:807,0
DA:810,0
DA:811,0
DA:814,0
DA:815,0
DA:816,0
DA:817,0
DA:820,0
DA:821,0
DA:822,0
DA:823,0
DA:824,0
DA:825,0
DA:826,0
DA:832,0
DA:833,0
DA:835,0
DA:836,0
DA:838,0
DA:845,0
DA:848,0
DA:855,0
DA:856,0
DA:857,0
DA:858,0
DA:860,0
DA:861,0
DA:862,0
DA:867,0
DA:868,0
DA:872,0
DA:873,0
DA:874,0
DA:878,0
DA:879,0
DA:880,0
DA:881,0
DA:885,0
DA:886,0
DA:887,0
DA:891,0
DA:892,0
DA:893,0
DA:894,0
DA:895,0
DA:898,0
DA:902,0
DA:903,0
DA:904,0
DA:914,0
DA:915,0
DA:919,0
DA:920,0
DA:924,0
DA:925,0
DA:928,0
DA:929,0
DA:930,0
DA:934,0
DA:935,0
DA:936,0
DA:937,0
DA:941,0
DA:945,0
DA:946,0
DA:947,0
DA:948,0
DA:949,0
DA:950,0
DA:952,0
DA:953,0
DA:958,0
DA:959,0
DA:962,0
DA:963,0
DA:964,0
DA:965,0
DA:966,0
DA:967,0
DA:969,0
DA:970,0
DA:974,0
DA:978,0
DA:1021,0
DA:1024,0
LF:406
LH:0
BRDA:11,0,0,0
BRDA:11,0,1,0
BRDA:21,1,0,0
BRDA:21,1,1,0
BRDA:23,2,0,0
BRDA:23,2,1,0
BRDA:23,3,0,0
BRDA:23,3,1,0
BRDA:23,3,2,0
BRDA:23,3,3,0
BRDA:69,4,0,0
BRDA:69,4,1,0
BRDA:69,5,0,0
BRDA:69,5,1,0
BRDA:69,5,2,0
BRDA:70,6,0,0
BRDA:70,6,1,0
BRDA:76,7,0,0
BRDA:76,7,1,0
BRDA:89,8,0,0
BRDA:89,8,1,0
BRDA:98,9,0,0
BRDA:98,9,1,0
BRDA:101,10,0,0
BRDA:101,10,1,0
BRDA:104,11,0,0
BRDA:104,11,1,0
BRDA:149,12,0,0
BRDA:149,12,1,0
BRDA:149,13,0,0
BRDA:149,13,1,0
BRDA:153,14,0,0
BRDA:153,14,1,0
BRDA:159,15,0,0
BRDA:159,15,1,0
BRDA:161,16,0,0
BRDA:161,16,1,0
BRDA:170,17,0,0
BRDA:170,17,1,0
BRDA:178,18,0,0
BRDA:178,18,1,0
BRDA:184,19,0,0
BRDA:184,19,1,0
BRDA:202,20,0,0
BRDA:202,20,1,0
BRDA:231,21,0,0
BRDA:231,21,1,0
BRDA:239,22,0,0
BRDA:239,22,1,0
BRDA:243,23,0,0
BRDA:243,23,1,0
BRDA:248,24,0,0
BRDA:248,24,1,0
BRDA:250,25,0,0
BRDA:250,25,1,0
BRDA:253,26,0,0
BRDA:253,26,1,0
BRDA:257,27,0,0
BRDA:257,27,1,0
BRDA:264,28,0,0
BRDA:264,28,1,0
BRDA:284,29,0,0
BRDA:284,29,1,0
BRDA:292,30,0,0
BRDA:292,30,1,0
BRDA:297,31,0,0
BRDA:297,31,1,0
BRDA:303,32,0,0
BRDA:303,32,1,0
BRDA:308,33,0,0
BRDA:308,33,1,0
BRDA:315,34,0,0
BRDA:315,34,1,0
BRDA:323,35,0,0
BRDA:323,35,1,0
BRDA:327,36,0,0
BRDA:327,36,1,0
BRDA:343,37,0,0
BRDA:343,37,1,0
BRDA:346,38,0,0
BRDA:346,38,1,0
BRDA:352,39,0,0
BRDA:352,39,1,0
BRDA:360,40,0,0
BRDA:360,40,1,0
BRDA:360,41,0,0
BRDA:360,41,1,0
BRDA:363,42,0,0
BRDA:363,42,1,0
BRDA:370,43,0,0
BRDA:370,43,1,0
BRDA:377,44,0,0
BRDA:377,44,1,0
BRDA:381,45,0,0
BRDA:381,45,1,0
BRDA:383,46,0,0
BRDA:383,46,1,0
BRDA:386,47,0,0
BRDA:386,47,1,0
BRDA:390,48,0,0
BRDA:390,48,1,0
BRDA:408,49,0,0
BRDA:408,49,1,0
BRDA:408,50,0,0
BRDA:408,50,1,0
BRDA:408,50,2,0
BRDA:408,50,3,0
BRDA:412,51,0,0
BRDA:412,51,1,0
BRDA:421,52,0,0
BRDA:421,52,1,0
BRDA:424,53,0,0
BRDA:424,53,1,0
BRDA:435,54,0,0
BRDA:435,54,1,0
BRDA:443,55,0,0
BRDA:443,55,1,0
BRDA:443,56,0,0
BRDA:443,56,1,0
BRDA:447,57,0,0
BRDA:447,57,1,0
BRDA:452,58,0,0
BRDA:452,58,1,0
BRDA:452,59,0,0
BRDA:452,59,1,0
BRDA:459,60,0,0
BRDA:459,60,1,0
BRDA:467,61,0,0
BRDA:467,61,1,0
BRDA:468,62,0,0
BRDA:468,62,1,0
BRDA:472,63,0,0
BRDA:472,63,1,0
BRDA:480,64,0,0
BRDA:480,64,1,0
BRDA:489,65,0,0
BRDA:489,65,1,0
BRDA:490,66,0,0
BRDA:490,66,1,0
BRDA:494,67,0,0
BRDA:494,67,1,0
BRDA:498,68,0,0
BRDA:498,68,1,0
BRDA:506,69,0,0
BRDA:506,69,1,0
BRDA:511,70,0,0
BRDA:511,70,1,0
BRDA:523,71,0,0
BRDA:523,71,1,0
BRDA:537,72,0,0
BRDA:537,72,1,0
BRDA:543,73,0,0
BRDA:543,73,1,0
BRDA:551,74,0,0
BRDA:551,74,1,0
BRDA:551,75,0,0
BRDA:551,75,1,0
BRDA:551,75,2,0
BRDA:556,76,0,0
BRDA:556,76,1,0
BRDA:561,77,0,0
BRDA:561,77,1,0
BRDA:561,78,0,0
BRDA:561,78,1,0
BRDA:569,79,0,0
BRDA:569,79,1,0
BRDA:574,80,0,0
BRDA:574,80,1,0
BRDA:578,81,0,0
BRDA:578,81,1,0
BRDA:583,82,0,0
BRDA:583,82,1,0
BRDA:591,83,0,0
BRDA:591,83,1,0
BRDA:596,84,0,0
BRDA:596,84,1,0
BRDA:597,85,0,0
BRDA:597,85,1,0
BRDA:605,86,0,0
BRDA:605,86,1,0
BRDA:635,87,0,0
BRDA:635,87,1,0
BRDA:641,88,0,0
BRDA:641,88,1,0
BRDA:649,89,0,0
BRDA:649,89,1,0
BRDA:649,90,0,0
BRDA:649,90,1,0
BRDA:654,91,0,0
BRDA:654,91,1,0
BRDA:654,92,0,0
BRDA:654,92,1,0
BRDA:654,92,2,0
BRDA:659,93,0,0
BRDA:659,93,1,0
BRDA:663,94,0,0
BRDA:663,94,1,0
BRDA:669,95,0,0
BRDA:669,95,1,0
BRDA:673,96,0,0
BRDA:673,96,1,0
BRDA:683,97,0,0
BRDA:683,97,1,0
BRDA:688,98,0,0
BRDA:688,98,1,0
BRDA:704,99,0,0
BRDA:704,99,1,0
BRDA:710,100,0,0
BRDA:710,100,1,0
BRDA:718,101,0,0
BRDA:718,101,1,0
BRDA:718,102,0,0
BRDA:718,102,1,0
BRDA:718,102,2,0
BRDA:724,103,0,0
BRDA:724,103,1,0
BRDA:733,104,0,0
BRDA:733,104,1,0
BRDA:739,105,0,0
BRDA:739,105,1,0
BRDA:783,106,0,0
BRDA:783,106,1,0
BRDA:789,107,0,0
BRDA:789,107,1,0
BRDA:797,108,0,0
BRDA:797,108,1,0
BRDA:797,109,0,0
BRDA:797,109,1,0
BRDA:802,110,0,0
BRDA:802,110,1,0
BRDA:806,111,0,0
BRDA:806,111,1,0
BRDA:810,112,0,0
BRDA:810,112,1,0
BRDA:815,113,0,0
BRDA:815,113,1,0
BRDA:817,114,0,0
BRDA:817,114,1,0
BRDA:822,115,0,0
BRDA:822,115,1,0
BRDA:825,116,0,0
BRDA:825,116,1,0
BRDA:832,117,0,0
BRDA:832,117,1,0
BRDA:855,118,0,0
BRDA:855,118,1,0
BRDA:861,119,0,0
BRDA:861,119,1,0
BRDA:874,120,0,0
BRDA:874,120,1,0
BRDA:880,121,0,0
BRDA:880,121,1,0
BRDA:881,122,0,0
BRDA:881,122,1,0
BRDA:886,123,0,0
BRDA:886,123,1,0
BRDA:886,124,0,0
BRDA:886,124,1,0
BRDA:892,125,0,0
BRDA:892,125,1,0
BRDA:892,126,0,0
BRDA:892,126,1,0
BRDA:893,127,0,0
BRDA:893,127,1,0
BRDA:894,128,0,0
BRDA:894,128,1,0
BRDA:903,129,0,0
BRDA:903,129,1,0
BRDA:904,130,0,0
BRDA:904,130,1,0
BRDA:906,131,0,0
BRDA:906,131,1,0
BRDA:906,132,0,0
BRDA:906,132,1,0
BRDA:907,133,0,0
BRDA:907,133,1,0
BRDA:907,134,0,0
BRDA:907,134,1,0
BRDA:908,135,0,0
BRDA:908,135,1,0
BRDA:908,136,0,0
BRDA:908,136,1,0
BRDA:908,137,0,0
BRDA:908,137,1,0
BRDA:915,138,0,0
BRDA:915,138,1,0
BRDA:915,138,2,0
BRDA:920,139,0,0
BRDA:920,139,1,0
BRDA:920,139,2,0
BRDA:925,140,0,0
BRDA:925,140,1,0
BRDA:928,141,0,0
BRDA:928,141,1,0
BRDA:928,142,0,0
BRDA:928,142,1,0
BRDA:930,143,0,0
BRDA:930,143,1,0
BRDA:935,144,0,0
BRDA:935,144,1,0
BRDA:937,145,0,0
BRDA:937,145,1,0
BRDA:946,146,0,0
BRDA:946,146,1,0
BRDA:949,147,0,0
BRDA:949,147,1,0
BRDA:959,148,0,0
BRDA:959,148,1,0
BRDA:962,149,0,0
BRDA:962,149,1,0
BRDA:965,150,0,0
BRDA:965,150,1,0
BRF:312
BRH:0
end_of_record
TN:
SF:src/context/SocketContext.jsx
FN:12,(anonymous_0)
FN:15,(anonymous_1)
FN:20,(anonymous_2)
FN:24,(anonymous_3)
FN:26,(anonymous_4)
FN:29,(anonymous_5)
FN:35,(anonymous_6)
FN:47,(anonymous_7)
FN:50,(anonymous_8)
FN:59,(anonymous_9)
FN:64,(anonymous_10)
FN:74,(anonymous_11)
FN:80,(anonymous_12)
FN:85,(anonymous_13)
FN:111,(anonymous_14)
FN:112,(anonymous_15)
FN:122,(anonymous_16)
FNF:17
FNH:0
FNDA:0,(anonymous_0)
FNDA:0,(anonymous_1)
FNDA:0,(anonymous_2)
FNDA:0,(anonymous_3)
FNDA:0,(anonymous_4)
FNDA:0,(anonymous_5)
FNDA:0,(anonymous_6)
FNDA:0,(anonymous_7)
FNDA:0,(anonymous_8)
FNDA:0,(anonymous_9)
FNDA:0,(anonymous_10)
FNDA:0,(anonymous_11)
FNDA:0,(anonymous_12)
FNDA:0,(anonymous_13)
FNDA:0,(anonymous_14)
FNDA:0,(anonymous_15)
FNDA:0,(anonymous_16)
DA:5,0
DA:12,0
DA:15,0
DA:16,0
DA:18,0
DA:21,0
DA:22,0
DA:25,0
DA:26,0
DA:30,0
DA:32,0
DA:33,0
DA:34,0
DA:35,0
DA:48,0
DA:51,0
DA:52,0
DA:59,0
DA:60,0
DA:61,0
DA:64,0
DA:65,0
DA:67,0
DA:74,0
DA:75,0
DA:76,0
DA:77,0
DA:80,0
DA:81,0
DA:82,0
DA:85,0
DA:86,0
DA:88,0
DA:89,0
DA:90,0
DA:91,0
DA:95,0
DA:96,0
DA:97,0
DA:99,0
DA:101,0
DA:103,0
DA:104,0
DA:105,0
DA:106,0
DA:111,0
DA:112,0
DA:113,0
DA:114,0
DA:115,0
DA:116,0
DA:117,0
DA:122,0
DA:128,0
LF:54
LH:0
BRDA:21,0,0,0
BRDA:21,0,1,0
BRDA:25,1,0,0
BRDA:25,1,1,0
BRDA:32,2,0,0
BRDA:32,2,1,0
BRDA:34,3,0,0
BRDA:34,3,1,0
BRDA:88,4,0,0
BRDA:88,4,1,0
BRDA:113,5,0,0
BRDA:113,5,1,0
BRDA:113,6,0,0
BRDA:113,6,1,0
BRF:14
BRH:0
end_of_record
TN:
SF:src/utils/helpers.js
FN:51,(anonymous_0)
FN:62,(anonymous_1)
FN:66,(anonymous_2)
FN:73,(anonymous_3)
FN:85,(anonymous_4)
FN:89,(anonymous_5)
FNF:6
FNH:0
FNDA:0,(anonymous_0)
FNDA:0,(anonymous_1)
FNDA:0,(anonymous_2)
FNDA:0,(anonymous_3)
FNDA:0,(anonymous_4)
FNDA:0,(anonymous_5)
DA:2,0
DA:22,0
DA:42,0
DA:51,0
DA:52,0
DA:53,0
DA:54,0
DA:62,0
DA:63,0
DA:66,0
DA:68,0
DA:69,0
DA:73,0
DA:75,0
DA:76,0
DA:79,0
DA:85,0
DA:86,0
DA:89,0
DA:90,0
DA:91,0
DA:93,0
DA:95,0
DA:96,0
DA:98,0
LF:25
LH:0
BRDA:73,0,0,0
BRDA:73,0,1,0
BRDA:93,1,0,0
BRDA:93,1,1,0
BRDA:98,2,0,0
BRDA:98,2,1,0
BRF:6
BRH:0
end_of_record
